Using pre-set license
Built from '2021.3/staging' branch; Version is '2021.3.8f1 (b30333d56e81) revision 11731763'; Using compiler version '192829333'; Build Type 'Release'
OS: 'Windows 10  (10.0.19044) 64bit Professional' Language: 'ko' Physical Memory: 16121 MB
BatchMode: 1, IsHumanControllingUs: 0, StartBugReporterOnCrash: 0, Is64bit: 1, IsPro: 1

COMMAND LINE ARGUMENTS:
C:\Program Files\Unity\Hub\Editor\2021.3.8f1\Editor\Unity.exe
-adb2
-batchMode
-noUpm
-name
AssetImportWorker0
-projectPath
C:/Users/user/OneDrive/문서/GitHub/GameProject1GSV/GameProject1GSV
-logFile
Logs/AssetImportWorker0.log
-srvPort
56659
Successfully changed project path to: C:/Users/user/OneDrive/문서/GitHub/GameProject1GSV/GameProject1GSV
C:/Users/user/OneDrive/문서/GitHub/GameProject1GSV/GameProject1GSV
[UnityMemory] Configuration Parameters - Can be set up in boot.config
    "memorysetup-bucket-allocator-granularity=16"
    "memorysetup-bucket-allocator-bucket-count=8"
    "memorysetup-bucket-allocator-block-size=33554432"
    "memorysetup-bucket-allocator-block-count=8"
    "memorysetup-main-allocator-block-size=16777216"
    "memorysetup-thread-allocator-block-size=16777216"
    "memorysetup-gfx-main-allocator-block-size=16777216"
    "memorysetup-gfx-thread-allocator-block-size=16777216"
    "memorysetup-cache-allocator-block-size=4194304"
    "memorysetup-typetree-allocator-block-size=2097152"
    "memorysetup-profiler-bucket-allocator-granularity=16"
    "memorysetup-profiler-bucket-allocator-bucket-count=8"
    "memorysetup-profiler-bucket-allocator-block-size=33554432"
    "memorysetup-profiler-bucket-allocator-block-count=8"
    "memorysetup-profiler-allocator-block-size=16777216"
    "memorysetup-profiler-editor-allocator-block-size=1048576"
    "memorysetup-temp-allocator-size-main=16777216"
    "memorysetup-job-temp-allocator-block-size=2097152"
    "memorysetup-job-temp-allocator-block-size-background=1048576"
    "memorysetup-job-temp-allocator-reduction-small-platforms=262144"
    "memorysetup-temp-allocator-size-background-worker=32768"
    "memorysetup-temp-allocator-size-job-worker=262144"
    "memorysetup-temp-allocator-size-preload-manager=33554432"
    "memorysetup-temp-allocator-size-nav-mesh-worker=65536"
    "memorysetup-temp-allocator-size-audio-worker=65536"
    "memorysetup-temp-allocator-size-cloud-worker=32768"
    "memorysetup-temp-allocator-size-gi-baking-worker=262144"
    "memorysetup-temp-allocator-size-gfx=262144"
Refreshing native plugins compatible for Editor in 112.07 ms, found 4 plugins.
Preloading 0 native plugins for Editor in 0.00 ms.
Initialize engine version: 2021.3.8f1 (b30333d56e81)
[Subsystems] Discovering subsystems at path C:/Program Files/Unity/Hub/Editor/2021.3.8f1/Editor/Data/Resources/UnitySubsystems
[Subsystems] Discovering subsystems at path C:/Users/user/OneDrive/문서/GitHub/GameProject1GSV/GameProject1GSV/Assets
GfxDevice: creating device client; threaded=0; jobified=0
Direct3D:
    Version:  Direct3D 11.0 [level 11.1]
    Renderer: NVIDIA GeForce RTX 3050 Ti Laptop GPU (ID=0x25a0)
    Vendor:   NVIDIA
    VRAM:     3990 MB
    Driver:   27.21.14.6235
Initialize mono
Mono path[0] = 'C:/Program Files/Unity/Hub/Editor/2021.3.8f1/Editor/Data/Managed'
Mono path[1] = 'C:/Program Files/Unity/Hub/Editor/2021.3.8f1/Editor/Data/MonoBleedingEdge/lib/mono/unityjit-win32'
Mono config path = 'C:/Program Files/Unity/Hub/Editor/2021.3.8f1/Editor/Data/MonoBleedingEdge/etc'
Using monoOptions --debugger-agent=transport=dt_socket,embedding=1,server=y,suspend=n,address=127.0.0.1:56552
Begin MonoManager ReloadAssembly
Registering precompiled unity dll's ...
Register platform support module: C:/Program Files/Unity/Hub/Editor/2021.3.8f1/Editor/Data/PlaybackEngines/AndroidPlayer/UnityEditor.Android.Extensions.dll
Register platform support module: C:/Program Files/Unity/Hub/Editor/2021.3.8f1/Editor/Data/PlaybackEngines/WindowsStandaloneSupport/UnityEditor.WindowsStandalone.Extensions.dll
Registered in 0.005941 seconds.
Native extension for WindowsStandalone target not found
Native extension for Android target not found
Refreshing native plugins compatible for Editor in 108.76 ms, found 4 plugins.
Preloading 0 native plugins for Editor in 0.00 ms.
Mono: successfully reloaded assembly
- Completed reload, in  0.734 seconds
Domain Reload Profiling:
	ReloadAssembly (735ms)
		BeginReloadAssembly (65ms)
			ExecutionOrderSort (0ms)
			DisableScriptedObjects (0ms)
			BackupInstance (0ms)
			ReleaseScriptingObjects (0ms)
			CreateAndSetChildDomain (1ms)
		EndReloadAssembly (550ms)
			LoadAssemblies (64ms)
			RebuildTransferFunctionScriptingTraits (0ms)
			SetupTypeCache (128ms)
			ReleaseScriptCaches (0ms)
			RebuildScriptCaches (35ms)
			SetupLoadedEditorAssemblies (330ms)
				LogAssemblyErrors (0ms)
				InitializePlatformSupportModulesInManaged (58ms)
				SetLoadedEditorAssemblies (0ms)
				RefreshPlugins (109ms)
				BeforeProcessingInitializeOnLoad (1ms)
				ProcessInitializeOnLoadAttributes (109ms)
				ProcessInitializeOnLoadMethodAttributes (52ms)
				AfterProcessingInitializeOnLoad (0ms)
				EditorAssembliesLoaded (0ms)
			ExecutionOrderSort2 (0ms)
			AwakeInstancesAfterBackupRestoration (0ms)
Platform modules already initialized, skipping
Registering precompiled user dll's ...
Registered in 0.010167 seconds.
Begin MonoManager ReloadAssembly
Symbol file LoadedFromMemory doesn't match image C:\Users\user\OneDrive\문서\GitHub\GameProject1GSV\GameProject1GSV\Library\PackageCache\com.unity.visualscripting@1.7.8\Editor\VisualScripting.Core\Dependencies\YamlDotNet\Unity.VisualScripting.YamlDotNet.dll
Symbol file LoadedFromMemory doesn't match image C:\Users\user\OneDrive\문서\GitHub\GameProject1GSV\GameProject1GSV\Library\PackageCache\com.unity.visualscripting@1.7.8\Editor\VisualScripting.Core\Dependencies\DotNetZip\Unity.VisualScripting.IonicZip.dll
Native extension for WindowsStandalone target not found
Native extension for Android target not found
Refreshing native plugins compatible for Editor in 121.43 ms, found 4 plugins.
Preloading 0 native plugins for Editor in 0.00 ms.
Mono: successfully reloaded assembly
- Completed reload, in  1.452 seconds
Domain Reload Profiling:
	ReloadAssembly (1453ms)
		BeginReloadAssembly (242ms)
			ExecutionOrderSort (0ms)
			DisableScriptedObjects (7ms)
			BackupInstance (0ms)
			ReleaseScriptingObjects (0ms)
			CreateAndSetChildDomain (133ms)
		EndReloadAssembly (1077ms)
			LoadAssemblies (90ms)
			RebuildTransferFunctionScriptingTraits (0ms)
			SetupTypeCache (267ms)
			ReleaseScriptCaches (1ms)
			RebuildScriptCaches (75ms)
			SetupLoadedEditorAssemblies (576ms)
				LogAssemblyErrors (0ms)
				InitializePlatformSupportModulesInManaged (15ms)
				SetLoadedEditorAssemblies (0ms)
				RefreshPlugins (122ms)
				BeforeProcessingInitializeOnLoad (125ms)
				ProcessInitializeOnLoadAttributes (257ms)
				ProcessInitializeOnLoadMethodAttributes (48ms)
				AfterProcessingInitializeOnLoad (8ms)
				EditorAssembliesLoaded (0ms)
			ExecutionOrderSort2 (0ms)
			AwakeInstancesAfterBackupRestoration (5ms)
Platform modules already initialized, skipping
========================================================================
Worker process is ready to serve import requests
Launched and connected shader compiler UnityShaderCompiler.exe after 0.03 seconds
Refreshing native plugins compatible for Editor in 0.67 ms, found 4 plugins.
Preloading 0 native plugins for Editor in 0.00 ms.
Unloading 4081 Unused Serialized files (Serialized files now loaded: 0)
Unloading 44 unused Assets / (222.4 KB). Loaded Objects now: 4535.
Memory consumption went from 158.1 MB to 157.9 MB.
Total: 2.819800 ms (FindLiveObjects: 0.277400 ms CreateObjectMapping: 0.094700 ms MarkObjects: 2.309100 ms  DeleteObjects: 0.138000 ms)

AssetImportParameters requested are different than current active one (requested -> active):
  custom:video-decoder-ogg-theora: a1e56fd34408186e4bbccfd4996cb3dc -> 
  custom:container-muxer-webm: aa71ff27fc2769a1b78a27578f13a17b -> 
  custom:container-demuxer-webm: 4f35f7cbe854078d1ac9338744f61a02 -> 
  custom:video-encoder-webm-vp8: eb34c28f22e8b96e1ab97ce403110664 -> 
  custom:video-codec-MediaFoundation-h265: 746d11721c4dcdbdad8f713fa42b33f4 -> 
  custom:audio-encoder-webm-vorbis: bf7c407c2cedff20999df2af8eb42d56 -> 
  custom:framework-win-MediaFoundation: 216162199b28c13a410421893ffa2e32 -> 
  custom:container-demuxer-ogg: 62fdf1f143b41e24485cea50d1cbac27 -> 
  custom:video-decoder-webm-vp8: 9c59270c3fd7afecdb556c50c9e8de78 -> 
  custom:audio-decoder-ogg-vorbis: bf7c407c2cedff20999df2af8eb42d56 -> 
========================================================================
Received Import Request.
  Time since last request: 1633.285747 seconds.
  path: Assets/Sprites/Objects/고누 기획판 수정-66.png
  artifactKey: Guid(dabcdfcadce1b0d4395109658f1239ca) Importer(815301076,1909f56bfc062723c751e8b465ee728b)
Start importing Assets/Sprites/Objects/고누 기획판 수정-66.png using Guid(dabcdfcadce1b0d4395109658f1239ca) Importer(815301076,1909f56bfc062723c751e8b465ee728b)  -> (artifact id: 'fd561efc91ad4447367f376c4a4d53fe') in 0.339061 seconds 
========================================================================
Received Import Request.
  Time since last request: 2.205977 seconds.
  path: Assets/Sprites/Objects/고누 기획판 수정-67.png
  artifactKey: Guid(3bbdaaa01369c93499a75a81d3538cde) Importer(815301076,1909f56bfc062723c751e8b465ee728b)
Start importing Assets/Sprites/Objects/고누 기획판 수정-67.png using Guid(3bbdaaa01369c93499a75a81d3538cde) Importer(815301076,1909f56bfc062723c751e8b465ee728b)  -> (artifact id: '2f38b13cb4913e236549eba6233d4941') in 0.232163 seconds 
========================================================================
Received Import Request.
  Time since last request: 125.040728 seconds.
  path: Packages/com.unity.2d.sprite/Editor/ObjectMenuCreation/DefaultAssets/Textures/v2/Square.png
  artifactKey: Guid(311925a002f4447b3a28927169b83ea6) Importer(815301076,1909f56bfc062723c751e8b465ee728b)
Start importing Packages/com.unity.2d.sprite/Editor/ObjectMenuCreation/DefaultAssets/Textures/v2/Square.png using Guid(311925a002f4447b3a28927169b83ea6) Importer(815301076,1909f56bfc062723c751e8b465ee728b)  -> (artifact id: 'd2d02ecdfdcf2d9682287ec898dfbf31') in 0.020682 seconds 
========================================================================
Received Import Request.
  Time since last request: 185.736798 seconds.
  path: Assets/Sprites/Objects/놀이설명서-40.png
  artifactKey: Guid(c6b6c171c63796f4cbd5470026295d21) Importer(815301076,1909f56bfc062723c751e8b465ee728b)
Start importing Assets/Sprites/Objects/놀이설명서-40.png using Guid(c6b6c171c63796f4cbd5470026295d21) Importer(815301076,1909f56bfc062723c751e8b465ee728b)  -> (artifact id: '8dbb485364f14e1099e454c55f4e0a57') in 0.137535 seconds 
========================================================================
Received Import Request.
  Time since last request: 0.326079 seconds.
  path: Assets/Sprites/Objects/놀이설명서-47.png
  artifactKey: Guid(3ab789331834b7f4ba28c632d76d06ed) Importer(815301076,1909f56bfc062723c751e8b465ee728b)
Start importing Assets/Sprites/Objects/놀이설명서-47.png using Guid(3ab789331834b7f4ba28c632d76d06ed) Importer(815301076,1909f56bfc062723c751e8b465ee728b)  -> (artifact id: '0ae40a5b5ee7382e39e0126ff50be786') in 0.124357 seconds 
========================================================================
Received Import Request.
  Time since last request: 0.141841 seconds.
  path: Assets/Sprites/Objects/놀이설명서-12.png
  artifactKey: Guid(87e1cea33b5fcb64e8d0d772204ad3bd) Importer(815301076,1909f56bfc062723c751e8b465ee728b)
Start importing Assets/Sprites/Objects/놀이설명서-12.png using Guid(87e1cea33b5fcb64e8d0d772204ad3bd) Importer(815301076,1909f56bfc062723c751e8b465ee728b)  -> (artifact id: '5e2fbf903860872494aee1f37a9808e8') in 0.111768 seconds 
========================================================================
Received Import Request.
  Time since last request: 6.284085 seconds.
  path: Assets/Sprites/Objects/바둑알 외-71.png
  artifactKey: Guid(b6f64a47670572044badb8ccda9f3a44) Importer(815301076,1909f56bfc062723c751e8b465ee728b)
Start importing Assets/Sprites/Objects/바둑알 외-71.png using Guid(b6f64a47670572044badb8ccda9f3a44) Importer(815301076,1909f56bfc062723c751e8b465ee728b)  -> (artifact id: 'c6e5c8ef8458d24baf83d4e931d20ef6') in 0.031876 seconds 
========================================================================
Received Import Request.
  Time since last request: 33.234199 seconds.
  path: Assets/Sprites/Objects/바둑알 외-70.png
  artifactKey: Guid(2c97e22cf75220e4bbf19b06f4634749) Importer(815301076,1909f56bfc062723c751e8b465ee728b)
Start importing Assets/Sprites/Objects/바둑알 외-70.png using Guid(2c97e22cf75220e4bbf19b06f4634749) Importer(815301076,1909f56bfc062723c751e8b465ee728b)  -> (artifact id: 'b795208a8bfe3523db828efd46a01541') in 0.027853 seconds 
========================================================================
Received Import Request.
  Time since last request: 1.050711 seconds.
  path: Assets/Sprites/Objects/바둑알 외-72.png
  artifactKey: Guid(0aad9ebbc39ec804aae03dc845ce9ec8) Importer(815301076,1909f56bfc062723c751e8b465ee728b)
Start importing Assets/Sprites/Objects/바둑알 외-72.png using Guid(0aad9ebbc39ec804aae03dc845ce9ec8) Importer(815301076,1909f56bfc062723c751e8b465ee728b)  -> (artifact id: 'c6d80b36fe02a271fdcd216dc35df247') in 0.038523 seconds 
========================================================================
Received Import Request.
  Time since last request: 7.032040 seconds.
  path: Assets/Sprites/Objects/바둑알 외-71.png
  artifactKey: Guid(b6f64a47670572044badb8ccda9f3a44) Importer(815301076,1909f56bfc062723c751e8b465ee728b)
Start importing Assets/Sprites/Objects/바둑알 외-71.png using Guid(b6f64a47670572044badb8ccda9f3a44) Importer(815301076,1909f56bfc062723c751e8b465ee728b)  -> (artifact id: '9f1d891fe65f73af2f17795782197501') in 0.025038 seconds 
========================================================================
Received Import Request.
  Time since last request: 26.175096 seconds.
  path: Assets/Sprites/Objects/바둑알 외-71.png
  artifactKey: Guid(b6f64a47670572044badb8ccda9f3a44) Importer(815301076,1909f56bfc062723c751e8b465ee728b)
Start importing Assets/Sprites/Objects/바둑알 외-71.png using Guid(b6f64a47670572044badb8ccda9f3a44) Importer(815301076,1909f56bfc062723c751e8b465ee728b)  -> (artifact id: 'fb495c370043f196dfd9f8216c76b4a1') in 0.026964 seconds 
========================================================================
Received Import Request.
  Time since last request: 13.406214 seconds.
  path: Assets/Sprites/Objects/바둑알 외-72.png
  artifactKey: Guid(0aad9ebbc39ec804aae03dc845ce9ec8) Importer(815301076,1909f56bfc062723c751e8b465ee728b)
Start importing Assets/Sprites/Objects/바둑알 외-72.png using Guid(0aad9ebbc39ec804aae03dc845ce9ec8) Importer(815301076,1909f56bfc062723c751e8b465ee728b)  -> (artifact id: '4231cf0d21b045aef0adb9edee33dc80') in 0.020953 seconds 
========================================================================
Received Import Request.
  Time since last request: 20.015721 seconds.
  path: Assets/Prefabs/바둑알 외-70.prefab
  artifactKey: Guid(db5e79d033177e94aa45e78f52367a9a) Importer(815301076,1909f56bfc062723c751e8b465ee728b)
Start importing Assets/Prefabs/바둑알 외-70.prefab using Guid(db5e79d033177e94aa45e78f52367a9a) Importer(815301076,1909f56bfc062723c751e8b465ee728b)  -> (artifact id: 'cecae793c3d1fd7877d73a50b9f7ad35') in 0.030712 seconds 
========================================================================
Received Import Request.
  Time since last request: 7.639925 seconds.
  path: Assets/Prefabs/Black.prefab
  artifactKey: Guid(db5e79d033177e94aa45e78f52367a9a) Importer(815301076,1909f56bfc062723c751e8b465ee728b)
Start importing Assets/Prefabs/Black.prefab using Guid(db5e79d033177e94aa45e78f52367a9a) Importer(815301076,1909f56bfc062723c751e8b465ee728b)  -> (artifact id: '21728f71c9c279fe98e5e92d44bd0d20') in 0.022805 seconds 
========================================================================
Received Import Request.
  Time since last request: 32.205783 seconds.
  path: Assets/Prefabs/BlackStone.prefab
  artifactKey: Guid(db5e79d033177e94aa45e78f52367a9a) Importer(815301076,1909f56bfc062723c751e8b465ee728b)
Start importing Assets/Prefabs/BlackStone.prefab using Guid(db5e79d033177e94aa45e78f52367a9a) Importer(815301076,1909f56bfc062723c751e8b465ee728b)  -> (artifact id: '379be08d6d890727d193488229d3e301') in 0.018432 seconds 
========================================================================
Received Import Request.
  Time since last request: 4.609849 seconds.
  path: Assets/Prefabs/WhiteStone.prefab
  artifactKey: Guid(db5e79d033177e94aa45e78f52367a9a) Importer(815301076,1909f56bfc062723c751e8b465ee728b)
Start importing Assets/Prefabs/WhiteStone.prefab using Guid(db5e79d033177e94aa45e78f52367a9a) Importer(815301076,1909f56bfc062723c751e8b465ee728b)  -> (artifact id: '61f36d7d0f9b6f55e12959205d94bf29') in 0.015713 seconds 
========================================================================
Received Import Request.
  Time since last request: 2.362022 seconds.
  path: Assets/Prefabs/바둑알 외-71.prefab
  artifactKey: Guid(87fdc17dcc914cc42a8e9ce1665fe680) Importer(815301076,1909f56bfc062723c751e8b465ee728b)
Start importing Assets/Prefabs/바둑알 외-71.prefab using Guid(87fdc17dcc914cc42a8e9ce1665fe680) Importer(815301076,1909f56bfc062723c751e8b465ee728b)  -> (artifact id: '4441c0cf2fda762952fe02ac3963865c') in 0.013583 seconds 
========================================================================
Received Import Request.
  Time since last request: 3.599460 seconds.
  path: Assets/Prefabs/BlackStone.prefab
  artifactKey: Guid(87fdc17dcc914cc42a8e9ce1665fe680) Importer(815301076,1909f56bfc062723c751e8b465ee728b)
Start importing Assets/Prefabs/BlackStone.prefab using Guid(87fdc17dcc914cc42a8e9ce1665fe680) Importer(815301076,1909f56bfc062723c751e8b465ee728b)  -> (artifact id: 'f37e5915e0c9d9441ceeba9f165ff077') in 0.012237 seconds 
========================================================================
Received Import Request.
  Time since last request: 2.571297 seconds.
  path: Assets/Prefabs/바둑알 외-72.prefab
  artifactKey: Guid(a370e1e9aa87dec4e8eb390642f62e43) Importer(815301076,1909f56bfc062723c751e8b465ee728b)
Start importing Assets/Prefabs/바둑알 외-72.prefab using Guid(a370e1e9aa87dec4e8eb390642f62e43) Importer(815301076,1909f56bfc062723c751e8b465ee728b)  -> (artifact id: 'ad029e07a5a62df55471f0db82928469') in 0.012295 seconds 
========================================================================
Received Import Request.
  Time since last request: 5.861406 seconds.
  path: Assets/Prefabs/StarMarker.prefab
  artifactKey: Guid(a370e1e9aa87dec4e8eb390642f62e43) Importer(815301076,1909f56bfc062723c751e8b465ee728b)
Start importing Assets/Prefabs/StarMarker.prefab using Guid(a370e1e9aa87dec4e8eb390642f62e43) Importer(815301076,1909f56bfc062723c751e8b465ee728b)  -> (artifact id: '4a38e8bb0b185f3af3930c077ca6118f') in 0.015165 seconds 
========================================================================
Received Import Request.
  Time since last request: 55.323839 seconds.
  path: Assets/Prefabs/Marker.prefab
  artifactKey: Guid(a370e1e9aa87dec4e8eb390642f62e43) Importer(815301076,1909f56bfc062723c751e8b465ee728b)
Start importing Assets/Prefabs/Marker.prefab using Guid(a370e1e9aa87dec4e8eb390642f62e43) Importer(815301076,1909f56bfc062723c751e8b465ee728b)  -> (artifact id: '1e0b942e3f4f27729e2e43668aec2441') in 0.016161 seconds 
========================================================================
Received Import Request.
  Time since last request: 159.148739 seconds.
  path: Assets/Sprites/Objects/고누 기획판 수정-64.png
  artifactKey: Guid(993bbd218e422da4d9c187a6b4f9fadb) Importer(815301076,1909f56bfc062723c751e8b465ee728b)
Start importing Assets/Sprites/Objects/고누 기획판 수정-64.png using Guid(993bbd218e422da4d9c187a6b4f9fadb) Importer(815301076,1909f56bfc062723c751e8b465ee728b)  -> (artifact id: '14975e73ff68af3313c18e9a806e66ee') in 0.198380 seconds 
========================================================================
Received Import Request.
  Time since last request: 116.040607 seconds.
  path: Assets/Prefabs/Well.prefab
  artifactKey: Guid(5b9369fd41396ff4fb8b760fbbe70038) Importer(815301076,1909f56bfc062723c751e8b465ee728b)
Start importing Assets/Prefabs/Well.prefab using Guid(5b9369fd41396ff4fb8b760fbbe70038) Importer(815301076,1909f56bfc062723c751e8b465ee728b)  -> (artifact id: 'b0c551475dca8be687fbe7ea5d77e65f') in 0.115045 seconds 
========================================================================
Received Import Request.
  Time since last request: 3710.275172 seconds.
  path: Assets/Prefabs/Well.prefab
  artifactKey: Guid(5b9369fd41396ff4fb8b760fbbe70038) Importer(815301076,1909f56bfc062723c751e8b465ee728b)
Start importing Assets/Prefabs/Well.prefab using Guid(5b9369fd41396ff4fb8b760fbbe70038) Importer(815301076,1909f56bfc062723c751e8b465ee728b)  -> (artifact id: '205393b188476e16fb037fccfccd91a8') in 0.110275 seconds 
========================================================================
Received Import Request.
  Time since last request: 23.200099 seconds.
  path: Assets/Prefabs/Truth.prefab
  artifactKey: Guid(f8b6d870cbd4de94bbcb73ea683a3b8e) Importer(815301076,1909f56bfc062723c751e8b465ee728b)
Start importing Assets/Prefabs/Truth.prefab using Guid(f8b6d870cbd4de94bbcb73ea683a3b8e) Importer(815301076,1909f56bfc062723c751e8b465ee728b)  -> (artifact id: '6dd20f66782394d0228479c5605bdd43') in 0.068088 seconds 
========================================================================
Received Import Request.
  Time since last request: 29.473712 seconds.
  path: Assets/Prefabs/Truth.prefab
  artifactKey: Guid(f8b6d870cbd4de94bbcb73ea683a3b8e) Importer(815301076,1909f56bfc062723c751e8b465ee728b)
Start importing Assets/Prefabs/Truth.prefab using Guid(f8b6d870cbd4de94bbcb73ea683a3b8e) Importer(815301076,1909f56bfc062723c751e8b465ee728b)  -> (artifact id: '5156d772e74f6419aa735903696f902f') in 0.068481 seconds 
========================================================================
Received Import Request.
  Time since last request: 122.554479 seconds.
  path: Assets/Sprites/Objects/고누 기획판 수정-68.png
  artifactKey: Guid(656d2e138cfdd4e4392c92ada34270ea) Importer(815301076,1909f56bfc062723c751e8b465ee728b)
Start importing Assets/Sprites/Objects/고누 기획판 수정-68.png using Guid(656d2e138cfdd4e4392c92ada34270ea) Importer(815301076,1909f56bfc062723c751e8b465ee728b)  -> (artifact id: '0a6748b7f8c6068972ca4158e536ce68') in 0.242495 seconds 
========================================================================
Received Import Request.
  Time since last request: 564.802850 seconds.
  path: Assets/Others
  artifactKey: Guid(e11fdf190140cdc478aeb018092636e4) Importer(815301076,1909f56bfc062723c751e8b465ee728b)
Start importing Assets/Others using Guid(e11fdf190140cdc478aeb018092636e4) Importer(815301076,1909f56bfc062723c751e8b465ee728b)  -> (artifact id: '96fb50df5bbc8fe231f86f41c6c54d41') in 0.005325 seconds 
========================================================================
Received Import Request.
  Time since last request: 1.898499 seconds.
  path: Assets/ChosunCentennial_otf.otf
  artifactKey: Guid(9f08e27efd5319140bffb4fcf12aa7f5) Importer(815301076,1909f56bfc062723c751e8b465ee728b)
Start importing Assets/ChosunCentennial_otf.otf using Guid(9f08e27efd5319140bffb4fcf12aa7f5) Importer(815301076,1909f56bfc062723c751e8b465ee728b)  -> (artifact id: '891661d5baaeb3e0bc6cbb80ee1ebd5a') in 0.100616 seconds 
========================================================================
Received Import Request.
  Time since last request: 8.228994 seconds.
  path: Assets/Others/ChosunCentennial_otf SDF.asset
  artifactKey: Guid(f2a3c1f0a2cd7004c8d885c0d9254e55) Importer(815301076,1909f56bfc062723c751e8b465ee728b)
Start importing Assets/Others/ChosunCentennial_otf SDF.asset using Guid(f2a3c1f0a2cd7004c8d885c0d9254e55) Importer(815301076,1909f56bfc062723c751e8b465ee728b)  -> (artifact id: '0c06275ef3dad244cf656724ea38cc3c') in 0.047503 seconds 
========================================================================
Received Import Request.
  Time since last request: 46.184317 seconds.
  path: Assets/Scenes/StartScene.unity
  artifactKey: Guid(2cda990e2423bbf4892e6590ba056729) Importer(815301076,1909f56bfc062723c751e8b465ee728b)
Start importing Assets/Scenes/StartScene.unity using Guid(2cda990e2423bbf4892e6590ba056729) Importer(815301076,1909f56bfc062723c751e8b465ee728b)  -> (artifact id: '671d746d2026d3bc99b008f3e771c43b') in 0.006605 seconds 
========================================================================
Received Import Request.
  Time since last request: 302.955846 seconds.
  path: Assets/Prefabs/Truth.prefab
  artifactKey: Guid(f8b6d870cbd4de94bbcb73ea683a3b8e) Importer(815301076,1909f56bfc062723c751e8b465ee728b)
Start importing Assets/Prefabs/Truth.prefab using Guid(f8b6d870cbd4de94bbcb73ea683a3b8e) Importer(815301076,1909f56bfc062723c751e8b465ee728b)  -> (artifact id: '2d02c1a5dd971f20ae1d12157fdfe408') in 0.065624 seconds 
========================================================================
Received Import Request.
  Time since last request: 29.378023 seconds.
  path: Assets/Prefabs/Well.prefab
  artifactKey: Guid(5b9369fd41396ff4fb8b760fbbe70038) Importer(815301076,1909f56bfc062723c751e8b465ee728b)
Start importing Assets/Prefabs/Well.prefab using Guid(5b9369fd41396ff4fb8b760fbbe70038) Importer(815301076,1909f56bfc062723c751e8b465ee728b)  -> (artifact id: '81f84d81868bd090b23b76854c444df8') in 0.075619 seconds 
========================================================================
Received Import Request.
  Time since last request: 7.536762 seconds.
  path: ProjectSettings/TagManager.asset
  artifactKey: Guid(00000000000000003000000000000000) Importer(815301076,1909f56bfc062723c751e8b465ee728b)
Start importing ProjectSettings/TagManager.asset using Guid(00000000000000003000000000000000) Importer(815301076,1909f56bfc062723c751e8b465ee728b)  -> (artifact id: '5f74b9f0782f3ffe8a654b2b60a9f33c') in 0.007822 seconds 
========================================================================
Received Import Request.
  Time since last request: 95.280443 seconds.
  path: Assets/Prefabs/Marker.prefab
  artifactKey: Guid(a370e1e9aa87dec4e8eb390642f62e43) Importer(815301076,1909f56bfc062723c751e8b465ee728b)
Start importing Assets/Prefabs/Marker.prefab using Guid(a370e1e9aa87dec4e8eb390642f62e43) Importer(815301076,1909f56bfc062723c751e8b465ee728b)  -> (artifact id: 'de71499808641e84bda8a1e76f427606') in 0.012399 seconds 
========================================================================
Received Import Request.
  Time since last request: 34.015076 seconds.
  path: Assets/Prefabs/Truth.prefab
  artifactKey: Guid(f8b6d870cbd4de94bbcb73ea683a3b8e) Importer(815301076,1909f56bfc062723c751e8b465ee728b)
Start importing Assets/Prefabs/Truth.prefab using Guid(f8b6d870cbd4de94bbcb73ea683a3b8e) Importer(815301076,1909f56bfc062723c751e8b465ee728b)  -> (artifact id: 'a8a118771b3befb23005db5153c35bf2') in 0.071333 seconds 
========================================================================
Received Import Request.
  Time since last request: 1.464627 seconds.
  path: Assets/Prefabs/BlackStone.prefab
  artifactKey: Guid(87fdc17dcc914cc42a8e9ce1665fe680) Importer(815301076,1909f56bfc062723c751e8b465ee728b)
Start importing Assets/Prefabs/BlackStone.prefab using Guid(87fdc17dcc914cc42a8e9ce1665fe680) Importer(815301076,1909f56bfc062723c751e8b465ee728b)  -> (artifact id: '181f30f2690359e1d701968eec74a160') in 0.016870 seconds 
========================================================================
Received Import Request.
  Time since last request: 38.895998 seconds.
  path: Assets/Scenes/PlayScene.unity
  artifactKey: Guid(755e70571c9f39044bfe5e894ecc96bc) Importer(815301076,1909f56bfc062723c751e8b465ee728b)
Start importing Assets/Scenes/PlayScene.unity using Guid(755e70571c9f39044bfe5e894ecc96bc) Importer(815301076,1909f56bfc062723c751e8b465ee728b)  -> (artifact id: '104926b1f4d03a1acc5b29d3085e8204') in 0.006467 seconds 
========================================================================
Received Import Request.
  Time since last request: 36.985727 seconds.
  path: Assets/Scenes/StartScene.unity
  artifactKey: Guid(2cda990e2423bbf4892e6590ba056729) Importer(815301076,1909f56bfc062723c751e8b465ee728b)
Start importing Assets/Scenes/StartScene.unity using Guid(2cda990e2423bbf4892e6590ba056729) Importer(815301076,1909f56bfc062723c751e8b465ee728b)  -> (artifact id: '18871823edafeacd48b25d54fe53eefc') in 0.002118 seconds 
========================================================================
Received Import Request.
  Time since last request: 4.593780 seconds.
  path: Assets/Scenes/PlayScene.unity
  artifactKey: Guid(755e70571c9f39044bfe5e894ecc96bc) Importer(815301076,1909f56bfc062723c751e8b465ee728b)
Start importing Assets/Scenes/PlayScene.unity using Guid(755e70571c9f39044bfe5e894ecc96bc) Importer(815301076,1909f56bfc062723c751e8b465ee728b)  -> (artifact id: '0cff622d0e205bcc5c22745c118a73c3') in 0.003494 seconds 
========================================================================
Received Import Request.
  Time since last request: 864.949908 seconds.
  path: Assets/Sprites/Objects/고누 기획판 수정-69.png
  artifactKey: Guid(c4722f9f357f0d942b8f252cd98d598b) Importer(815301076,1909f56bfc062723c751e8b465ee728b)
Start importing Assets/Sprites/Objects/고누 기획판 수정-69.png using Guid(c4722f9f357f0d942b8f252cd98d598b) Importer(815301076,1909f56bfc062723c751e8b465ee728b)  -> (artifact id: '069025525eebce8bf21c726374418adb') in 0.185646 seconds 
========================================================================
Received Import Request.
  Time since last request: 68.488935 seconds.
  path: Assets/Sprites/Backgrounds/배경-43.png
  artifactKey: Guid(314a45427ad36834d9134c2493925e5d) Importer(815301076,1909f56bfc062723c751e8b465ee728b)
Start importing Assets/Sprites/Backgrounds/배경-43.png using Guid(314a45427ad36834d9134c2493925e5d) Importer(815301076,1909f56bfc062723c751e8b465ee728b)  -> (artifact id: '0b78d5c0523e1647e7063033655fe2a6') in 0.257698 seconds 
========================================================================
Received Import Request.
  Time since last request: 534.747265 seconds.
  path: Assets/Prefabs/Pumpkin.prefab
  artifactKey: Guid(81409b27103c5794f9955f31a30433a5) Importer(815301076,1909f56bfc062723c751e8b465ee728b)
Start importing Assets/Prefabs/Pumpkin.prefab using Guid(81409b27103c5794f9955f31a30433a5) Importer(815301076,1909f56bfc062723c751e8b465ee728b)  -> (artifact id: 'c2d1003d3b7781eed0add9c8d8356927') in 0.108721 seconds 
========================================================================
Received Import Request.
  Time since last request: 215.213566 seconds.
  path: Assets/Prefabs/Car.prefab
  artifactKey: Guid(4bc214537bcf624409f6934942e91337) Importer(815301076,1909f56bfc062723c751e8b465ee728b)
Start importing Assets/Prefabs/Car.prefab using Guid(4bc214537bcf624409f6934942e91337) Importer(815301076,1909f56bfc062723c751e8b465ee728b)  -> (artifact id: '008bdc68606a70449a64b52cbdb9a0c5') in 0.102108 seconds 
========================================================================
Received Import Request.
  Time since last request: 126.623916 seconds.
  path: Assets/Prefabs/Car.prefab
  artifactKey: Guid(4bc214537bcf624409f6934942e91337) Importer(815301076,1909f56bfc062723c751e8b465ee728b)
Start importing Assets/Prefabs/Car.prefab using Guid(4bc214537bcf624409f6934942e91337) Importer(815301076,1909f56bfc062723c751e8b465ee728b)  -> (artifact id: '9977d531b1481f99e5150a134b896cd9') in 0.060764 seconds 
========================================================================
Received Import Request.
  Time since last request: 0.975437 seconds.
  path: Assets/Prefabs/Alone.prefab
  artifactKey: Guid(12c923a3c4cfbaf429c88d18b51ceb98) Importer(815301076,1909f56bfc062723c751e8b465ee728b)
Start importing Assets/Prefabs/Alone.prefab using Guid(12c923a3c4cfbaf429c88d18b51ceb98) Importer(815301076,1909f56bfc062723c751e8b465ee728b)  -> (artifact id: '57a1f6cee73732e18c8452e4bffe7ff4') in 0.066091 seconds 
========================================================================
Received Import Request.
  Time since last request: 1.885186 seconds.
  path: Assets/Prefabs/Well.prefab
  artifactKey: Guid(5b9369fd41396ff4fb8b760fbbe70038) Importer(815301076,1909f56bfc062723c751e8b465ee728b)
Start importing Assets/Prefabs/Well.prefab using Guid(5b9369fd41396ff4fb8b760fbbe70038) Importer(815301076,1909f56bfc062723c751e8b465ee728b)  -> (artifact id: '2b404d2bc9f88bdc68659cd78f6ec731') in 0.071117 seconds 
========================================================================
Received Import Request.
  Time since last request: 2.371828 seconds.
  path: Assets/Prefabs/Pumpkin.prefab
  artifactKey: Guid(81409b27103c5794f9955f31a30433a5) Importer(815301076,1909f56bfc062723c751e8b465ee728b)
Start importing Assets/Prefabs/Pumpkin.prefab using Guid(81409b27103c5794f9955f31a30433a5) Importer(815301076,1909f56bfc062723c751e8b465ee728b)  -> (artifact id: '6ce6443154df559489c4f75b986a2878') in 0.067171 seconds 
========================================================================
Received Import Request.
  Time since last request: 3.715265 seconds.
  path: Assets/Prefabs/Truth.prefab
  artifactKey: Guid(f8b6d870cbd4de94bbcb73ea683a3b8e) Importer(815301076,1909f56bfc062723c751e8b465ee728b)
Start importing Assets/Prefabs/Truth.prefab using Guid(f8b6d870cbd4de94bbcb73ea683a3b8e) Importer(815301076,1909f56bfc062723c751e8b465ee728b)  -> (artifact id: 'd91de57c5721249b4a1b55b44ccb70c9') in 0.049512 seconds 
========================================================================
Received Import Request.
  Time since last request: 19.998732 seconds.
  path: Assets/Prefabs/Move.prefab
  artifactKey: Guid(e309c06825ef93549a62d08bf5fbad9e) Importer(815301076,1909f56bfc062723c751e8b465ee728b)
Start importing Assets/Prefabs/Move.prefab using Guid(e309c06825ef93549a62d08bf5fbad9e) Importer(815301076,1909f56bfc062723c751e8b465ee728b)  -> (artifact id: '84a292e5d45dc3622b5806b39759e907') in 0.070512 seconds 
========================================================================
Received Import Request.
  Time since last request: 711.290963 seconds.
  path: Assets/Prefabs/Truth.prefab
  artifactKey: Guid(f8b6d870cbd4de94bbcb73ea683a3b8e) Importer(815301076,1909f56bfc062723c751e8b465ee728b)
Start importing Assets/Prefabs/Truth.prefab using Guid(f8b6d870cbd4de94bbcb73ea683a3b8e) Importer(815301076,1909f56bfc062723c751e8b465ee728b)  -> (artifact id: 'fc6e0bdf62b264271c2707bceebf4fe3') in 0.080869 seconds 
========================================================================
Received Import Request.
  Time since last request: 52.307721 seconds.
  path: Assets/Prefabs/Truth.prefab
  artifactKey: Guid(f8b6d870cbd4de94bbcb73ea683a3b8e) Importer(815301076,1909f56bfc062723c751e8b465ee728b)
Start importing Assets/Prefabs/Truth.prefab using Guid(f8b6d870cbd4de94bbcb73ea683a3b8e) Importer(815301076,1909f56bfc062723c751e8b465ee728b)  -> (artifact id: '77eee48a9b127ec8ccbc34d56cad9f8b') in 0.069943 seconds 
========================================================================
Received Import Request.
  Time since last request: 0.737756 seconds.
  path: Assets/Prefabs/Well.prefab
  artifactKey: Guid(5b9369fd41396ff4fb8b760fbbe70038) Importer(815301076,1909f56bfc062723c751e8b465ee728b)
Start importing Assets/Prefabs/Well.prefab using Guid(5b9369fd41396ff4fb8b760fbbe70038) Importer(815301076,1909f56bfc062723c751e8b465ee728b)  -> (artifact id: '9f39a4801d70ec4e9c21e675f21a7887') in 0.072354 seconds 
========================================================================
Received Import Request.
  Time since last request: 232.286242 seconds.
  path: Assets/Prefabs/Move.prefab
  artifactKey: Guid(e309c06825ef93549a62d08bf5fbad9e) Importer(815301076,1909f56bfc062723c751e8b465ee728b)
Start importing Assets/Prefabs/Move.prefab using Guid(e309c06825ef93549a62d08bf5fbad9e) Importer(815301076,1909f56bfc062723c751e8b465ee728b)  -> (artifact id: '43063592df1efb138a657ea85dfbccf2') in 0.070528 seconds 
========================================================================
Received Import Request.
  Time since last request: 5.925302 seconds.
  path: Assets/Prefabs/Pumpkin.prefab
  artifactKey: Guid(81409b27103c5794f9955f31a30433a5) Importer(815301076,1909f56bfc062723c751e8b465ee728b)
Start importing Assets/Prefabs/Pumpkin.prefab using Guid(81409b27103c5794f9955f31a30433a5) Importer(815301076,1909f56bfc062723c751e8b465ee728b)  -> (artifact id: 'bb9a23d645861fff1ad9530dd6d172ec') in 0.062948 seconds 
========================================================================
Received Import Request.
  Time since last request: 16.284307 seconds.
  path: Assets/Prefabs/Car.prefab
  artifactKey: Guid(4bc214537bcf624409f6934942e91337) Importer(815301076,1909f56bfc062723c751e8b465ee728b)
Start importing Assets/Prefabs/Car.prefab using Guid(4bc214537bcf624409f6934942e91337) Importer(815301076,1909f56bfc062723c751e8b465ee728b)  -> (artifact id: 'e1bccc366989d919d1b248270869dbe4') in 0.071277 seconds 
========================================================================
Received Prepare
Registering precompiled user dll's ...
Registered in 0.005799 seconds.
Begin MonoManager ReloadAssembly
Symbol file LoadedFromMemory doesn't match image C:\Users\user\OneDrive\문서\GitHub\GameProject1GSV\GameProject1GSV\Library\PackageCache\com.unity.visualscripting@1.7.8\Editor\VisualScripting.Core\Dependencies\YamlDotNet\Unity.VisualScripting.YamlDotNet.dll
Symbol file LoadedFromMemory doesn't match image C:\Users\user\OneDrive\문서\GitHub\GameProject1GSV\GameProject1GSV\Library\PackageCache\com.unity.visualscripting@1.7.8\Editor\VisualScripting.Core\Dependencies\DotNetZip\Unity.VisualScripting.IonicZip.dll
Native extension for WindowsStandalone target not found
Native extension for Android target not found
Refreshing native plugins compatible for Editor in 0.85 ms, found 4 plugins.
Preloading 0 native plugins for Editor in 0.00 ms.
Mono: successfully reloaded assembly
- Completed reload, in  1.207 seconds
Domain Reload Profiling:
	ReloadAssembly (1207ms)
		BeginReloadAssembly (212ms)
			ExecutionOrderSort (0ms)
			DisableScriptedObjects (8ms)
			BackupInstance (0ms)
			ReleaseScriptingObjects (0ms)
			CreateAndSetChildDomain (88ms)
		EndReloadAssembly (886ms)
			LoadAssemblies (121ms)
			RebuildTransferFunctionScriptingTraits (0ms)
			SetupTypeCache (270ms)
			ReleaseScriptCaches (2ms)
			RebuildScriptCaches (63ms)
			SetupLoadedEditorAssemblies (393ms)
				LogAssemblyErrors (0ms)
				InitializePlatformSupportModulesInManaged (24ms)
				SetLoadedEditorAssemblies (2ms)
				RefreshPlugins (1ms)
				BeforeProcessingInitializeOnLoad (97ms)
				ProcessInitializeOnLoadAttributes (215ms)
				ProcessInitializeOnLoadMethodAttributes (48ms)
				AfterProcessingInitializeOnLoad (7ms)
				EditorAssembliesLoaded (0ms)
			ExecutionOrderSort2 (0ms)
			AwakeInstancesAfterBackupRestoration (7ms)
Platform modules already initialized, skipping
Refreshing native plugins compatible for Editor in 2.88 ms, found 4 plugins.
Preloading 0 native plugins for Editor in 0.00 ms.
Unloading 4063 Unused Serialized files (Serialized files now loaded: 0)
Unloading 32 unused Assets / (189.8 KB). Loaded Objects now: 4596.
Memory consumption went from 161.7 MB to 161.5 MB.
Total: 4.429600 ms (FindLiveObjects: 0.322800 ms CreateObjectMapping: 0.218900 ms MarkObjects: 3.663400 ms  DeleteObjects: 0.223100 ms)

AssetImportParameters requested are different than current active one (requested -> active):
  custom:video-decoder-ogg-theora: a1e56fd34408186e4bbccfd4996cb3dc -> 
  custom:container-muxer-webm: aa71ff27fc2769a1b78a27578f13a17b -> 
  custom:container-demuxer-webm: 4f35f7cbe854078d1ac9338744f61a02 -> 
  custom:video-encoder-webm-vp8: eb34c28f22e8b96e1ab97ce403110664 -> 
  custom:video-codec-MediaFoundation-h265: 746d11721c4dcdbdad8f713fa42b33f4 -> 
  custom:audio-encoder-webm-vorbis: bf7c407c2cedff20999df2af8eb42d56 -> 
  custom:framework-win-MediaFoundation: 216162199b28c13a410421893ffa2e32 -> 
  custom:container-demuxer-ogg: 62fdf1f143b41e24485cea50d1cbac27 -> 
  custom:video-decoder-webm-vp8: 9c59270c3fd7afecdb556c50c9e8de78 -> 
  custom:audio-decoder-ogg-vorbis: bf7c407c2cedff20999df2af8eb42d56 -> 
========================================================================
Received Prepare
Registering precompiled user dll's ...
Registered in 0.009479 seconds.
Begin MonoManager ReloadAssembly
Symbol file LoadedFromMemory doesn't match image C:\Users\user\OneDrive\문서\GitHub\GameProject1GSV\GameProject1GSV\Library\PackageCache\com.unity.visualscripting@1.7.8\Editor\VisualScripting.Core\Dependencies\YamlDotNet\Unity.VisualScripting.YamlDotNet.dll
Symbol file LoadedFromMemory doesn't match image C:\Users\user\OneDrive\문서\GitHub\GameProject1GSV\GameProject1GSV\Library\PackageCache\com.unity.visualscripting@1.7.8\Editor\VisualScripting.Core\Dependencies\DotNetZip\Unity.VisualScripting.IonicZip.dll
Native extension for WindowsStandalone target not found
Native extension for Android target not found
Refreshing native plugins compatible for Editor in 1.00 ms, found 4 plugins.
Preloading 0 native plugins for Editor in 0.00 ms.
Mono: successfully reloaded assembly
- Completed reload, in  1.101 seconds
Domain Reload Profiling:
	ReloadAssembly (1102ms)
		BeginReloadAssembly (143ms)
			ExecutionOrderSort (0ms)
			DisableScriptedObjects (7ms)
			BackupInstance (0ms)
			ReleaseScriptingObjects (0ms)
			CreateAndSetChildDomain (43ms)
		EndReloadAssembly (865ms)
			LoadAssemblies (95ms)
			RebuildTransferFunctionScriptingTraits (0ms)
			SetupTypeCache (264ms)
			ReleaseScriptCaches (2ms)
			RebuildScriptCaches (66ms)
			SetupLoadedEditorAssemblies (389ms)
				LogAssemblyErrors (0ms)
				InitializePlatformSupportModulesInManaged (26ms)
				SetLoadedEditorAssemblies (1ms)
				RefreshPlugins (1ms)
				BeforeProcessingInitializeOnLoad (95ms)
				ProcessInitializeOnLoadAttributes (214ms)
				ProcessInitializeOnLoadMethodAttributes (43ms)
				AfterProcessingInitializeOnLoad (9ms)
				EditorAssembliesLoaded (0ms)
			ExecutionOrderSort2 (0ms)
			AwakeInstancesAfterBackupRestoration (9ms)
Platform modules already initialized, skipping
Refreshing native plugins compatible for Editor in 2.36 ms, found 4 plugins.
Preloading 0 native plugins for Editor in 0.00 ms.
Unloading 4063 Unused Serialized files (Serialized files now loaded: 0)
Unloading 31 unused Assets / (189.9 KB). Loaded Objects now: 4599.
Memory consumption went from 161.7 MB to 161.5 MB.
Total: 4.472700 ms (FindLiveObjects: 0.303300 ms CreateObjectMapping: 0.255800 ms MarkObjects: 3.708600 ms  DeleteObjects: 0.203900 ms)

AssetImportParameters requested are different than current active one (requested -> active):
  custom:video-decoder-ogg-theora: a1e56fd34408186e4bbccfd4996cb3dc -> 
  custom:container-muxer-webm: aa71ff27fc2769a1b78a27578f13a17b -> 
  custom:container-demuxer-webm: 4f35f7cbe854078d1ac9338744f61a02 -> 
  custom:video-encoder-webm-vp8: eb34c28f22e8b96e1ab97ce403110664 -> 
  custom:video-codec-MediaFoundation-h265: 746d11721c4dcdbdad8f713fa42b33f4 -> 
  custom:audio-encoder-webm-vorbis: bf7c407c2cedff20999df2af8eb42d56 -> 
  custom:framework-win-MediaFoundation: 216162199b28c13a410421893ffa2e32 -> 
  custom:container-demuxer-ogg: 62fdf1f143b41e24485cea50d1cbac27 -> 
  custom:video-decoder-webm-vp8: 9c59270c3fd7afecdb556c50c9e8de78 -> 
  custom:audio-decoder-ogg-vorbis: bf7c407c2cedff20999df2af8eb42d56 -> 
========================================================================
Received Prepare
Registering precompiled user dll's ...
Registered in 0.007912 seconds.
Begin MonoManager ReloadAssembly
Symbol file LoadedFromMemory doesn't match image C:\Users\user\OneDrive\문서\GitHub\GameProject1GSV\GameProject1GSV\Library\PackageCache\com.unity.visualscripting@1.7.8\Editor\VisualScripting.Core\Dependencies\YamlDotNet\Unity.VisualScripting.YamlDotNet.dll
Symbol file LoadedFromMemory doesn't match image C:\Users\user\OneDrive\문서\GitHub\GameProject1GSV\GameProject1GSV\Library\PackageCache\com.unity.visualscripting@1.7.8\Editor\VisualScripting.Core\Dependencies\DotNetZip\Unity.VisualScripting.IonicZip.dll
Native extension for WindowsStandalone target not found
Native extension for Android target not found
Refreshing native plugins compatible for Editor in 0.72 ms, found 4 plugins.
Preloading 0 native plugins for Editor in 0.00 ms.
Mono: successfully reloaded assembly
- Completed reload, in  1.099 seconds
Domain Reload Profiling:
	ReloadAssembly (1100ms)
		BeginReloadAssembly (140ms)
			ExecutionOrderSort (0ms)
			DisableScriptedObjects (8ms)
			BackupInstance (0ms)
			ReleaseScriptingObjects (0ms)
			CreateAndSetChildDomain (46ms)
		EndReloadAssembly (854ms)
			LoadAssemblies (93ms)
			RebuildTransferFunctionScriptingTraits (0ms)
			SetupTypeCache (258ms)
			ReleaseScriptCaches (2ms)
			RebuildScriptCaches (57ms)
			SetupLoadedEditorAssemblies (393ms)
				LogAssemblyErrors (0ms)
				InitializePlatformSupportModulesInManaged (19ms)
				SetLoadedEditorAssemblies (0ms)
				RefreshPlugins (1ms)
				BeforeProcessingInitializeOnLoad (94ms)
				ProcessInitializeOnLoadAttributes (223ms)
				ProcessInitializeOnLoadMethodAttributes (47ms)
				AfterProcessingInitializeOnLoad (8ms)
				EditorAssembliesLoaded (0ms)
			ExecutionOrderSort2 (0ms)
			AwakeInstancesAfterBackupRestoration (9ms)
Platform modules already initialized, skipping
Refreshing native plugins compatible for Editor in 3.75 ms, found 4 plugins.
Preloading 0 native plugins for Editor in 0.00 ms.
Unloading 4063 Unused Serialized files (Serialized files now loaded: 0)
Unloading 31 unused Assets / (189.8 KB). Loaded Objects now: 4602.
Memory consumption went from 161.7 MB to 161.5 MB.
Total: 3.289500 ms (FindLiveObjects: 0.402900 ms CreateObjectMapping: 0.118500 ms MarkObjects: 2.577100 ms  DeleteObjects: 0.190000 ms)

AssetImportParameters requested are different than current active one (requested -> active):
  custom:video-decoder-ogg-theora: a1e56fd34408186e4bbccfd4996cb3dc -> 
  custom:container-muxer-webm: aa71ff27fc2769a1b78a27578f13a17b -> 
  custom:container-demuxer-webm: 4f35f7cbe854078d1ac9338744f61a02 -> 
  custom:video-encoder-webm-vp8: eb34c28f22e8b96e1ab97ce403110664 -> 
  custom:video-codec-MediaFoundation-h265: 746d11721c4dcdbdad8f713fa42b33f4 -> 
  custom:audio-encoder-webm-vorbis: bf7c407c2cedff20999df2af8eb42d56 -> 
  custom:framework-win-MediaFoundation: 216162199b28c13a410421893ffa2e32 -> 
  custom:container-demuxer-ogg: 62fdf1f143b41e24485cea50d1cbac27 -> 
  custom:video-decoder-webm-vp8: 9c59270c3fd7afecdb556c50c9e8de78 -> 
  custom:audio-decoder-ogg-vorbis: bf7c407c2cedff20999df2af8eb42d56 -> 
========================================================================
Received Prepare
Registering precompiled user dll's ...
Registered in 0.008688 seconds.
Begin MonoManager ReloadAssembly
Symbol file LoadedFromMemory doesn't match image C:\Users\user\OneDrive\문서\GitHub\GameProject1GSV\GameProject1GSV\Library\PackageCache\com.unity.visualscripting@1.7.8\Editor\VisualScripting.Core\Dependencies\YamlDotNet\Unity.VisualScripting.YamlDotNet.dll
Symbol file LoadedFromMemory doesn't match image C:\Users\user\OneDrive\문서\GitHub\GameProject1GSV\GameProject1GSV\Library\PackageCache\com.unity.visualscripting@1.7.8\Editor\VisualScripting.Core\Dependencies\DotNetZip\Unity.VisualScripting.IonicZip.dll
Native extension for WindowsStandalone target not found
Native extension for Android target not found
Refreshing native plugins compatible for Editor in 1.21 ms, found 4 plugins.
Preloading 0 native plugins for Editor in 0.00 ms.
Mono: successfully reloaded assembly
- Completed reload, in  1.103 seconds
Domain Reload Profiling:
	ReloadAssembly (1103ms)
		BeginReloadAssembly (154ms)
			ExecutionOrderSort (0ms)
			DisableScriptedObjects (9ms)
			BackupInstance (0ms)
			ReleaseScriptingObjects (0ms)
			CreateAndSetChildDomain (40ms)
		EndReloadAssembly (856ms)
			LoadAssemblies (95ms)
			RebuildTransferFunctionScriptingTraits (0ms)
			SetupTypeCache (240ms)
			ReleaseScriptCaches (2ms)
			RebuildScriptCaches (55ms)
			SetupLoadedEditorAssemblies (408ms)
				LogAssemblyErrors (0ms)
				InitializePlatformSupportModulesInManaged (25ms)
				SetLoadedEditorAssemblies (1ms)
				RefreshPlugins (1ms)
				BeforeProcessingInitializeOnLoad (94ms)
				ProcessInitializeOnLoadAttributes (234ms)
				ProcessInitializeOnLoadMethodAttributes (42ms)
				AfterProcessingInitializeOnLoad (11ms)
				EditorAssembliesLoaded (0ms)
			ExecutionOrderSort2 (0ms)
			AwakeInstancesAfterBackupRestoration (10ms)
Platform modules already initialized, skipping
Refreshing native plugins compatible for Editor in 3.11 ms, found 4 plugins.
Preloading 0 native plugins for Editor in 0.00 ms.
Unloading 4063 Unused Serialized files (Serialized files now loaded: 0)
Unloading 31 unused Assets / (189.9 KB). Loaded Objects now: 4605.
Memory consumption went from 161.7 MB to 161.6 MB.
Total: 6.334900 ms (FindLiveObjects: 0.424000 ms CreateObjectMapping: 0.317500 ms MarkObjects: 5.384200 ms  DeleteObjects: 0.207700 ms)

AssetImportParameters requested are different than current active one (requested -> active):
  custom:video-decoder-ogg-theora: a1e56fd34408186e4bbccfd4996cb3dc -> 
  custom:container-muxer-webm: aa71ff27fc2769a1b78a27578f13a17b -> 
  custom:container-demuxer-webm: 4f35f7cbe854078d1ac9338744f61a02 -> 
  custom:video-encoder-webm-vp8: eb34c28f22e8b96e1ab97ce403110664 -> 
  custom:video-codec-MediaFoundation-h265: 746d11721c4dcdbdad8f713fa42b33f4 -> 
  custom:audio-encoder-webm-vorbis: bf7c407c2cedff20999df2af8eb42d56 -> 
  custom:framework-win-MediaFoundation: 216162199b28c13a410421893ffa2e32 -> 
  custom:container-demuxer-ogg: 62fdf1f143b41e24485cea50d1cbac27 -> 
  custom:video-decoder-webm-vp8: 9c59270c3fd7afecdb556c50c9e8de78 -> 
  custom:audio-decoder-ogg-vorbis: bf7c407c2cedff20999df2af8eb42d56 -> 
========================================================================
Received Prepare
Registering precompiled user dll's ...
Registered in 0.010868 seconds.
Begin MonoManager ReloadAssembly
Symbol file LoadedFromMemory doesn't match image C:\Users\user\OneDrive\문서\GitHub\GameProject1GSV\GameProject1GSV\Library\PackageCache\com.unity.visualscripting@1.7.8\Editor\VisualScripting.Core\Dependencies\YamlDotNet\Unity.VisualScripting.YamlDotNet.dll
Symbol file LoadedFromMemory doesn't match image C:\Users\user\OneDrive\문서\GitHub\GameProject1GSV\GameProject1GSV\Library\PackageCache\com.unity.visualscripting@1.7.8\Editor\VisualScripting.Core\Dependencies\DotNetZip\Unity.VisualScripting.IonicZip.dll
Native extension for WindowsStandalone target not found
Native extension for Android target not found
Refreshing native plugins compatible for Editor in 1.39 ms, found 4 plugins.
Preloading 0 native plugins for Editor in 0.00 ms.
Mono: successfully reloaded assembly
- Completed reload, in  1.045 seconds
Domain Reload Profiling:
	ReloadAssembly (1046ms)
		BeginReloadAssembly (131ms)
			ExecutionOrderSort (0ms)
			DisableScriptedObjects (8ms)
			BackupInstance (0ms)
			ReleaseScriptingObjects (0ms)
			CreateAndSetChildDomain (40ms)
		EndReloadAssembly (810ms)
			LoadAssemblies (88ms)
			RebuildTransferFunctionScriptingTraits (0ms)
			SetupTypeCache (253ms)
			ReleaseScriptCaches (2ms)
			RebuildScriptCaches (58ms)
			SetupLoadedEditorAssemblies (349ms)
				LogAssemblyErrors (0ms)
				InitializePlatformSupportModulesInManaged (24ms)
				SetLoadedEditorAssemblies (1ms)
				RefreshPlugins (1ms)
				BeforeProcessingInitializeOnLoad (79ms)
				ProcessInitializeOnLoadAttributes (197ms)
				ProcessInitializeOnLoadMethodAttributes (39ms)
				AfterProcessingInitializeOnLoad (8ms)
				EditorAssembliesLoaded (0ms)
			ExecutionOrderSort2 (0ms)
			AwakeInstancesAfterBackupRestoration (7ms)
Platform modules already initialized, skipping
Refreshing native plugins compatible for Editor in 2.22 ms, found 4 plugins.
Preloading 0 native plugins for Editor in 0.00 ms.
Unloading 4063 Unused Serialized files (Serialized files now loaded: 0)
Unloading 31 unused Assets / (190.1 KB). Loaded Objects now: 4608.
Memory consumption went from 161.8 MB to 161.6 MB.
Total: 2.927900 ms (FindLiveObjects: 0.427000 ms CreateObjectMapping: 0.130700 ms MarkObjects: 2.225500 ms  DeleteObjects: 0.143800 ms)

AssetImportParameters requested are different than current active one (requested -> active):
  custom:video-decoder-ogg-theora: a1e56fd34408186e4bbccfd4996cb3dc -> 
  custom:container-muxer-webm: aa71ff27fc2769a1b78a27578f13a17b -> 
  custom:container-demuxer-webm: 4f35f7cbe854078d1ac9338744f61a02 -> 
  custom:video-encoder-webm-vp8: eb34c28f22e8b96e1ab97ce403110664 -> 
  custom:video-codec-MediaFoundation-h265: 746d11721c4dcdbdad8f713fa42b33f4 -> 
  custom:audio-encoder-webm-vorbis: bf7c407c2cedff20999df2af8eb42d56 -> 
  custom:framework-win-MediaFoundation: 216162199b28c13a410421893ffa2e32 -> 
  custom:container-demuxer-ogg: 62fdf1f143b41e24485cea50d1cbac27 -> 
  custom:video-decoder-webm-vp8: 9c59270c3fd7afecdb556c50c9e8de78 -> 
  custom:audio-decoder-ogg-vorbis: bf7c407c2cedff20999df2af8eb42d56 -> 
========================================================================
Received Prepare
Registering precompiled user dll's ...
Registered in 0.009327 seconds.
Begin MonoManager ReloadAssembly
Symbol file LoadedFromMemory doesn't match image C:\Users\user\OneDrive\문서\GitHub\GameProject1GSV\GameProject1GSV\Library\PackageCache\com.unity.visualscripting@1.7.8\Editor\VisualScripting.Core\Dependencies\YamlDotNet\Unity.VisualScripting.YamlDotNet.dll
Symbol file LoadedFromMemory doesn't match image C:\Users\user\OneDrive\문서\GitHub\GameProject1GSV\GameProject1GSV\Library\PackageCache\com.unity.visualscripting@1.7.8\Editor\VisualScripting.Core\Dependencies\DotNetZip\Unity.VisualScripting.IonicZip.dll
Native extension for WindowsStandalone target not found
Native extension for Android target not found
Refreshing native plugins compatible for Editor in 1.15 ms, found 4 plugins.
Preloading 0 native plugins for Editor in 0.00 ms.
Mono: successfully reloaded assembly
- Completed reload, in  1.169 seconds
Domain Reload Profiling:
	ReloadAssembly (1170ms)
		BeginReloadAssembly (164ms)
			ExecutionOrderSort (0ms)
			DisableScriptedObjects (9ms)
			BackupInstance (0ms)
			ReleaseScriptingObjects (0ms)
			CreateAndSetChildDomain (53ms)
		EndReloadAssembly (902ms)
			LoadAssemblies (108ms)
			RebuildTransferFunctionScriptingTraits (0ms)
			SetupTypeCache (269ms)
			ReleaseScriptCaches (2ms)
			RebuildScriptCaches (59ms)
			SetupLoadedEditorAssemblies (410ms)
				LogAssemblyErrors (0ms)
				InitializePlatformSupportModulesInManaged (25ms)
				SetLoadedEditorAssemblies (1ms)
				RefreshPlugins (1ms)
				BeforeProcessingInitializeOnLoad (105ms)
				ProcessInitializeOnLoadAttributes (226ms)
				ProcessInitializeOnLoadMethodAttributes (44ms)
				AfterProcessingInitializeOnLoad (8ms)
				EditorAssembliesLoaded (0ms)
			ExecutionOrderSort2 (0ms)
			AwakeInstancesAfterBackupRestoration (8ms)
Platform modules already initialized, skipping
Refreshing native plugins compatible for Editor in 3.37 ms, found 4 plugins.
Preloading 0 native plugins for Editor in 0.00 ms.
Unloading 4063 Unused Serialized files (Serialized files now loaded: 0)
Unloading 31 unused Assets / (190.0 KB). Loaded Objects now: 4611.
Memory consumption went from 161.8 MB to 161.6 MB.
Total: 5.628300 ms (FindLiveObjects: 0.424700 ms CreateObjectMapping: 0.294800 ms MarkObjects: 4.649800 ms  DeleteObjects: 0.257500 ms)

AssetImportParameters requested are different than current active one (requested -> active):
  custom:video-decoder-ogg-theora: a1e56fd34408186e4bbccfd4996cb3dc -> 
  custom:container-muxer-webm: aa71ff27fc2769a1b78a27578f13a17b -> 
  custom:container-demuxer-webm: 4f35f7cbe854078d1ac9338744f61a02 -> 
  custom:video-encoder-webm-vp8: eb34c28f22e8b96e1ab97ce403110664 -> 
  custom:video-codec-MediaFoundation-h265: 746d11721c4dcdbdad8f713fa42b33f4 -> 
  custom:audio-encoder-webm-vorbis: bf7c407c2cedff20999df2af8eb42d56 -> 
  custom:framework-win-MediaFoundation: 216162199b28c13a410421893ffa2e32 -> 
  custom:container-demuxer-ogg: 62fdf1f143b41e24485cea50d1cbac27 -> 
  custom:video-decoder-webm-vp8: 9c59270c3fd7afecdb556c50c9e8de78 -> 
  custom:audio-decoder-ogg-vorbis: bf7c407c2cedff20999df2af8eb42d56 -> 
========================================================================
Received Prepare
Registering precompiled user dll's ...
Registered in 0.006522 seconds.
Begin MonoManager ReloadAssembly
Symbol file LoadedFromMemory doesn't match image C:\Users\user\OneDrive\문서\GitHub\GameProject1GSV\GameProject1GSV\Library\PackageCache\com.unity.visualscripting@1.7.8\Editor\VisualScripting.Core\Dependencies\YamlDotNet\Unity.VisualScripting.YamlDotNet.dll
Symbol file LoadedFromMemory doesn't match image C:\Users\user\OneDrive\문서\GitHub\GameProject1GSV\GameProject1GSV\Library\PackageCache\com.unity.visualscripting@1.7.8\Editor\VisualScripting.Core\Dependencies\DotNetZip\Unity.VisualScripting.IonicZip.dll
Native extension for WindowsStandalone target not found
Native extension for Android target not found
Refreshing native plugins compatible for Editor in 1.39 ms, found 4 plugins.
Preloading 0 native plugins for Editor in 0.00 ms.
Mono: successfully reloaded assembly
- Completed reload, in  1.096 seconds
Domain Reload Profiling:
	ReloadAssembly (1097ms)
		BeginReloadAssembly (142ms)
			ExecutionOrderSort (0ms)
			DisableScriptedObjects (10ms)
			BackupInstance (0ms)
			ReleaseScriptingObjects (0ms)
			CreateAndSetChildDomain (42ms)
		EndReloadAssembly (857ms)
			LoadAssemblies (95ms)
			RebuildTransferFunctionScriptingTraits (0ms)
			SetupTypeCache (254ms)
			ReleaseScriptCaches (3ms)
			RebuildScriptCaches (56ms)
			SetupLoadedEditorAssemblies (396ms)
				LogAssemblyErrors (0ms)
				InitializePlatformSupportModulesInManaged (25ms)
				SetLoadedEditorAssemblies (0ms)
				RefreshPlugins (1ms)
				BeforeProcessingInitializeOnLoad (90ms)
				ProcessInitializeOnLoadAttributes (230ms)
				ProcessInitializeOnLoadMethodAttributes (41ms)
				AfterProcessingInitializeOnLoad (8ms)
				EditorAssembliesLoaded (0ms)
			ExecutionOrderSort2 (0ms)
			AwakeInstancesAfterBackupRestoration (9ms)
Platform modules already initialized, skipping
Refreshing native plugins compatible for Editor in 3.37 ms, found 4 plugins.
Preloading 0 native plugins for Editor in 0.00 ms.
Unloading 4063 Unused Serialized files (Serialized files now loaded: 0)
Unloading 31 unused Assets / (190.0 KB). Loaded Objects now: 4614.
Memory consumption went from 161.8 MB to 161.6 MB.
Total: 4.319400 ms (FindLiveObjects: 0.400000 ms CreateObjectMapping: 0.263300 ms MarkObjects: 3.329900 ms  DeleteObjects: 0.324300 ms)

AssetImportParameters requested are different than current active one (requested -> active):
  custom:video-decoder-ogg-theora: a1e56fd34408186e4bbccfd4996cb3dc -> 
  custom:container-muxer-webm: aa71ff27fc2769a1b78a27578f13a17b -> 
  custom:container-demuxer-webm: 4f35f7cbe854078d1ac9338744f61a02 -> 
  custom:video-encoder-webm-vp8: eb34c28f22e8b96e1ab97ce403110664 -> 
  custom:video-codec-MediaFoundation-h265: 746d11721c4dcdbdad8f713fa42b33f4 -> 
  custom:audio-encoder-webm-vorbis: bf7c407c2cedff20999df2af8eb42d56 -> 
  custom:framework-win-MediaFoundation: 216162199b28c13a410421893ffa2e32 -> 
  custom:container-demuxer-ogg: 62fdf1f143b41e24485cea50d1cbac27 -> 
  custom:video-decoder-webm-vp8: 9c59270c3fd7afecdb556c50c9e8de78 -> 
  custom:audio-decoder-ogg-vorbis: bf7c407c2cedff20999df2af8eb42d56 -> 
========================================================================
Received Prepare
Registering precompiled user dll's ...
Registered in 0.009873 seconds.
Begin MonoManager ReloadAssembly
Symbol file LoadedFromMemory doesn't match image C:\Users\user\OneDrive\문서\GitHub\GameProject1GSV\GameProject1GSV\Library\PackageCache\com.unity.visualscripting@1.7.8\Editor\VisualScripting.Core\Dependencies\YamlDotNet\Unity.VisualScripting.YamlDotNet.dll
Symbol file LoadedFromMemory doesn't match image C:\Users\user\OneDrive\문서\GitHub\GameProject1GSV\GameProject1GSV\Library\PackageCache\com.unity.visualscripting@1.7.8\Editor\VisualScripting.Core\Dependencies\DotNetZip\Unity.VisualScripting.IonicZip.dll
Native extension for WindowsStandalone target not found
Native extension for Android target not found
Refreshing native plugins compatible for Editor in 1.46 ms, found 4 plugins.
Preloading 0 native plugins for Editor in 0.00 ms.
Mono: successfully reloaded assembly
- Completed reload, in  1.422 seconds
Domain Reload Profiling:
	ReloadAssembly (1423ms)
		BeginReloadAssembly (146ms)
			ExecutionOrderSort (0ms)
			DisableScriptedObjects (10ms)
			BackupInstance (0ms)
			ReleaseScriptingObjects (0ms)
			CreateAndSetChildDomain (44ms)
		EndReloadAssembly (1141ms)
			LoadAssemblies (116ms)
			RebuildTransferFunctionScriptingTraits (0ms)
			SetupTypeCache (346ms)
			ReleaseScriptCaches (4ms)
			RebuildScriptCaches (81ms)
			SetupLoadedEditorAssemblies (505ms)
				LogAssemblyErrors (0ms)
				InitializePlatformSupportModulesInManaged (30ms)
				SetLoadedEditorAssemblies (0ms)
				RefreshPlugins (2ms)
				BeforeProcessingInitializeOnLoad (109ms)
				ProcessInitializeOnLoadAttributes (296ms)
				ProcessInitializeOnLoadMethodAttributes (59ms)
				AfterProcessingInitializeOnLoad (8ms)
				EditorAssembliesLoaded (0ms)
			ExecutionOrderSort2 (0ms)
			AwakeInstancesAfterBackupRestoration (13ms)
Platform modules already initialized, skipping
Refreshing native plugins compatible for Editor in 3.89 ms, found 4 plugins.
Preloading 0 native plugins for Editor in 0.00 ms.
Unloading 4063 Unused Serialized files (Serialized files now loaded: 0)
Unloading 31 unused Assets / (189.9 KB). Loaded Objects now: 4617.
Memory consumption went from 161.8 MB to 161.6 MB.
Total: 6.154400 ms (FindLiveObjects: 0.607000 ms CreateObjectMapping: 0.431800 ms MarkObjects: 4.803600 ms  DeleteObjects: 0.309300 ms)

AssetImportParameters requested are different than current active one (requested -> active):
  custom:video-decoder-ogg-theora: a1e56fd34408186e4bbccfd4996cb3dc -> 
  custom:container-muxer-webm: aa71ff27fc2769a1b78a27578f13a17b -> 
  custom:container-demuxer-webm: 4f35f7cbe854078d1ac9338744f61a02 -> 
  custom:video-encoder-webm-vp8: eb34c28f22e8b96e1ab97ce403110664 -> 
  custom:video-codec-MediaFoundation-h265: 746d11721c4dcdbdad8f713fa42b33f4 -> 
  custom:audio-encoder-webm-vorbis: bf7c407c2cedff20999df2af8eb42d56 -> 
  custom:framework-win-MediaFoundation: 216162199b28c13a410421893ffa2e32 -> 
  custom:container-demuxer-ogg: 62fdf1f143b41e24485cea50d1cbac27 -> 
  custom:video-decoder-webm-vp8: 9c59270c3fd7afecdb556c50c9e8de78 -> 
  custom:audio-decoder-ogg-vorbis: bf7c407c2cedff20999df2af8eb42d56 -> 
========================================================================
Received Prepare
Registering precompiled user dll's ...
Registered in 0.008333 seconds.
Begin MonoManager ReloadAssembly
Symbol file LoadedFromMemory doesn't match image C:\Users\user\OneDrive\문서\GitHub\GameProject1GSV\GameProject1GSV\Library\PackageCache\com.unity.visualscripting@1.7.8\Editor\VisualScripting.Core\Dependencies\YamlDotNet\Unity.VisualScripting.YamlDotNet.dll
Symbol file LoadedFromMemory doesn't match image C:\Users\user\OneDrive\문서\GitHub\GameProject1GSV\GameProject1GSV\Library\PackageCache\com.unity.visualscripting@1.7.8\Editor\VisualScripting.Core\Dependencies\DotNetZip\Unity.VisualScripting.IonicZip.dll
Native extension for WindowsStandalone target not found
Native extension for Android target not found
Refreshing native plugins compatible for Editor in 1.93 ms, found 4 plugins.
Preloading 0 native plugins for Editor in 0.00 ms.
Mono: successfully reloaded assembly
- Completed reload, in  1.418 seconds
Domain Reload Profiling:
	ReloadAssembly (1419ms)
		BeginReloadAssembly (150ms)
			ExecutionOrderSort (0ms)
			DisableScriptedObjects (6ms)
			BackupInstance (0ms)
			ReleaseScriptingObjects (0ms)
			CreateAndSetChildDomain (49ms)
		EndReloadAssembly (1135ms)
			LoadAssemblies (115ms)
			RebuildTransferFunctionScriptingTraits (0ms)
			SetupTypeCache (351ms)
			ReleaseScriptCaches (4ms)
			RebuildScriptCaches (85ms)
			SetupLoadedEditorAssemblies (497ms)
				LogAssemblyErrors (0ms)
				InitializePlatformSupportModulesInManaged (33ms)
				SetLoadedEditorAssemblies (1ms)
				RefreshPlugins (2ms)
				BeforeProcessingInitializeOnLoad (117ms)
				ProcessInitializeOnLoadAttributes (279ms)
				ProcessInitializeOnLoadMethodAttributes (58ms)
				AfterProcessingInitializeOnLoad (7ms)
				EditorAssembliesLoaded (1ms)
			ExecutionOrderSort2 (0ms)
			AwakeInstancesAfterBackupRestoration (10ms)
Platform modules already initialized, skipping
Refreshing native plugins compatible for Editor in 4.76 ms, found 4 plugins.
Preloading 0 native plugins for Editor in 0.00 ms.
Unloading 4063 Unused Serialized files (Serialized files now loaded: 0)
Unloading 31 unused Assets / (190.0 KB). Loaded Objects now: 4620.
Memory consumption went from 161.8 MB to 161.6 MB.
Total: 7.523600 ms (FindLiveObjects: 0.860800 ms CreateObjectMapping: 0.636800 ms MarkObjects: 5.620900 ms  DeleteObjects: 0.402800 ms)

AssetImportParameters requested are different than current active one (requested -> active):
  custom:video-decoder-ogg-theora: a1e56fd34408186e4bbccfd4996cb3dc -> 
  custom:container-muxer-webm: aa71ff27fc2769a1b78a27578f13a17b -> 
  custom:container-demuxer-webm: 4f35f7cbe854078d1ac9338744f61a02 -> 
  custom:video-encoder-webm-vp8: eb34c28f22e8b96e1ab97ce403110664 -> 
  custom:video-codec-MediaFoundation-h265: 746d11721c4dcdbdad8f713fa42b33f4 -> 
  custom:audio-encoder-webm-vorbis: bf7c407c2cedff20999df2af8eb42d56 -> 
  custom:framework-win-MediaFoundation: 216162199b28c13a410421893ffa2e32 -> 
  custom:container-demuxer-ogg: 62fdf1f143b41e24485cea50d1cbac27 -> 
  custom:video-decoder-webm-vp8: 9c59270c3fd7afecdb556c50c9e8de78 -> 
  custom:audio-decoder-ogg-vorbis: bf7c407c2cedff20999df2af8eb42d56 -> 
========================================================================
Received Import Request.
  Time since last request: 1644.429336 seconds.
  path: Assets/Prefabs/Well.prefab
  artifactKey: Guid(5b9369fd41396ff4fb8b760fbbe70038) Importer(815301076,1909f56bfc062723c751e8b465ee728b)
Start importing Assets/Prefabs/Well.prefab using Guid(5b9369fd41396ff4fb8b760fbbe70038) Importer(815301076,1909f56bfc062723c751e8b465ee728b)  -> (artifact id: '1722a547e74b96b4c93a559e65983488') in 0.134632 seconds 
========================================================================
Received Import Request.
  Time since last request: 9.608296 seconds.
  path: Assets/Prefabs/Truth.prefab
  artifactKey: Guid(f8b6d870cbd4de94bbcb73ea683a3b8e) Importer(815301076,1909f56bfc062723c751e8b465ee728b)
Start importing Assets/Prefabs/Truth.prefab using Guid(f8b6d870cbd4de94bbcb73ea683a3b8e) Importer(815301076,1909f56bfc062723c751e8b465ee728b)  -> (artifact id: '7b06076e7b2b01e05f4f1725a7e8fe87') in 0.094633 seconds 
========================================================================
Received Import Request.
  Time since last request: 7.354741 seconds.
  path: Assets/Prefabs/Pumpkin.prefab
  artifactKey: Guid(81409b27103c5794f9955f31a30433a5) Importer(815301076,1909f56bfc062723c751e8b465ee728b)
Start importing Assets/Prefabs/Pumpkin.prefab using Guid(81409b27103c5794f9955f31a30433a5) Importer(815301076,1909f56bfc062723c751e8b465ee728b)  -> (artifact id: '44e36dfb54e076cbeae5637aeff26c44') in 0.075783 seconds 
========================================================================
Received Import Request.
  Time since last request: 4.427590 seconds.
  path: Assets/Prefabs/Move.prefab
  artifactKey: Guid(e309c06825ef93549a62d08bf5fbad9e) Importer(815301076,1909f56bfc062723c751e8b465ee728b)
Start importing Assets/Prefabs/Move.prefab using Guid(e309c06825ef93549a62d08bf5fbad9e) Importer(815301076,1909f56bfc062723c751e8b465ee728b)  -> (artifact id: '7bd74269328884cc8d007be6eee60544') in 0.081244 seconds 
========================================================================
Received Import Request.
  Time since last request: 9.389575 seconds.
  path: Assets/Prefabs/Car.prefab
  artifactKey: Guid(4bc214537bcf624409f6934942e91337) Importer(815301076,1909f56bfc062723c751e8b465ee728b)
Start importing Assets/Prefabs/Car.prefab using Guid(4bc214537bcf624409f6934942e91337) Importer(815301076,1909f56bfc062723c751e8b465ee728b)  -> (artifact id: 'c12ba1cccfd9ffff3533d67d8d36a548') in 0.077134 seconds 
========================================================================
Received Import Request.
  Time since last request: 4.734606 seconds.
  path: Assets/Prefabs/Alone.prefab
  artifactKey: Guid(12c923a3c4cfbaf429c88d18b51ceb98) Importer(815301076,1909f56bfc062723c751e8b465ee728b)
Start importing Assets/Prefabs/Alone.prefab using Guid(12c923a3c4cfbaf429c88d18b51ceb98) Importer(815301076,1909f56bfc062723c751e8b465ee728b)  -> (artifact id: '7555833bd9e78170d629bea9b2739ce1') in 0.071380 seconds 
========================================================================
Received Import Request.
  Time since last request: 14.531768 seconds.
  path: Assets/Prefabs/Car.prefab
  artifactKey: Guid(4bc214537bcf624409f6934942e91337) Importer(815301076,1909f56bfc062723c751e8b465ee728b)
Start importing Assets/Prefabs/Car.prefab using Guid(4bc214537bcf624409f6934942e91337) Importer(815301076,1909f56bfc062723c751e8b465ee728b)  -> (artifact id: 'ada3db9dad893655ee2e4ff1df6cff4f') in 0.072235 seconds 
========================================================================
Received Import Request.
  Time since last request: 355.889587 seconds.
  path: Assets/Scenes/StartScene.unity
  artifactKey: Guid(2cda990e2423bbf4892e6590ba056729) Importer(815301076,1909f56bfc062723c751e8b465ee728b)
Start importing Assets/Scenes/StartScene.unity using Guid(2cda990e2423bbf4892e6590ba056729) Importer(815301076,1909f56bfc062723c751e8b465ee728b)  -> (artifact id: 'edd9ecbd04896b6b5ea766b3ec6b47b0') in 0.007112 seconds 
